C51 COMPILER V9.01   TEMP                                                                  05/14/2021 12:38:58 PAGE 1   


C51 COMPILER V9.01, COMPILATION OF MODULE TEMP
OBJECT MODULE PLACED IN .\build\Release\temp.o
COMPILER INVOKED BY: E:\keil\C51\BIN\C51.exe .\SRC\TEMP.C PRINT(.\build\Release\temp.lst) OMF2 TABS(4) CODE NOCOND SYMBO
                    -LS OPTIMIZE(8,SPEED) SMALL ROM(LARGE) INCDIR(E:\keil\C51\INC;.\src) DEFINE(__UVISION_VERSION=526) OBJECT(.\build\Release
                    -\temp.o)

line level    source

   1          #include"tempe.h"
   2          /*******************************************************************************
   3          * 函 数 名         : Delay1ms
   4          * 函数功能         : 延时函数
   5          * 输    入         : 无
   6          * 输    出         : 无
   7          *******************************************************************************/
   8          
   9          void Delay1ms(uint y)
*** ERROR C141 IN LINE 9 OF .\SRC\TEMP.C: syntax error near 'y', expected ')'
  10          {
  11   1          uint x;
*** ERROR C141 IN LINE 11 OF .\SRC\TEMP.C: syntax error near 'x'
*** ERROR C202 IN LINE 11 OF .\SRC\TEMP.C: 'x': undefined identifier
  12   1          for( ; y>0; y--)
*** ERROR C202 IN LINE 12 OF .\SRC\TEMP.C: 'y': undefined identifier
  13   1          {
  14   2              for(x=110; x>0; x--);
*** ERROR C202 IN LINE 14 OF .\SRC\TEMP.C: 'x': undefined identifier
  15   2          }
  16   1      }
  17          /*******************************************************************************
  18          * 函 数 名         : Ds18b20Init
  19          * 函数功能         : 初始化
  20          * 输    入         : 无
  21          * 输    出         : 初始化成功返回1，失败返回0
  22          *******************************************************************************/
  23          
  24          uchar Ds18b20Init()
*** ERROR C129 IN LINE 24 OF .\SRC\TEMP.C: missing ';' before 'Ds18b20Init'
  25          {
  26              uchar i;
  27              DSPORT = 0;          //将总线拉低480us~960us
  28              i = 70; 
  29              while(i--);//延时642us
  30              DSPORT = 1;         //然后拉高总线，如果DS18B20做出反应会将在15us~60us后总线拉低
  31              i = 0;
  32              while(DSPORT)   //等待DS18B20拉低总线
  33              {
  34                  Delay1ms(1);
  35                  i++;
  36                  if(i>5)//等待>5MS
  37                  {
  38                      return 0;//初始化失败
  39                  }
  40              
  41              }
  42              return 1;//初始化成功
  43          }
  44          
  45          /*******************************************************************************
  46          * 函 数 名         : Ds18b20WriteByte
  47          * 函数功能         : 向18B20写入一个字节
C51 COMPILER V9.01   TEMP                                                                  05/14/2021 12:38:58 PAGE 2   

  48          * 输    入         : 无
  49          * 输    出         : 无
  50          *******************************************************************************/
  51          
  52          void Ds18b20WriteByte(uchar dat)
  53          {
  54              uint i, j;
  55          
  56              for(j=0; j<8; j++)
  57              {
  58                  DSPORT = 0;           //每写入一位数据之前先把总线拉低1us
  59                  i++;
  60                  DSPORT = dat & 0x01;  //然后写入一个数据，从最低位开始
  61                  i=6;
  62                  while(i--); //延时68us，持续时间最少60us
  63                  DSPORT = 1; //然后释放总线，至少1us给总线恢复时间才能接着写入第二个数值
  64                  dat >>= 1;
  65              }
  66          }
  67          /*******************************************************************************
  68          * 函 数 名         : Ds18b20ReadByte
  69          * 函数功能         : 读取一个字节
  70          * 输    入         : 无
  71          * 输    出         : 无
  72          *******************************************************************************/
  73          
  74          
  75          uchar Ds18b20ReadByte()
  76          {
  77              uchar byte, bi;
  78              uint i, j;  
  79              for(j=8; j>0; j--)
  80              {
  81                  DSPORT = 0;//先将总线拉低1us
  82                  i++;
  83                  DSPORT = 1;//然后释放总线
  84                  i++;
  85                  i++;//延时6us等待数据稳定
  86                  bi = DSPORT;     //读取数据，从最低位开始读取
  87                  /*将byte左移一位，然后与上右移7位后的bi，注意移动之后移掉那位补0。*/
  88                  byte = (byte >> 1) | (bi << 7);                       
  89                  i = 4;      //读取完之后等待48us再接着读取下一个数
  90                  while(i--);
  91              }               
  92              return byte;
  93          }
  94          /*******************************************************************************
  95          * 函 数 名         : Ds18b20ChangTemp
  96          * 函数功能         : 让18b20开始转换温度
  97          * 输    入         : 无
  98          * 输    出         : 无
  99          *******************************************************************************/
 100          
 101          void  Ds18b20ChangTemp()
 102          {
 103              Ds18b20Init();
 104              Delay1ms(1);
 105              Ds18b20WriteByte(0xcc);     //跳过ROM操作命令        
 106              Ds18b20WriteByte(0x44);     //温度转换命令
 107              //Delay1ms(100);    //等待转换成功，而如果你是一直刷着的话，就不用这个延时了
 108             
 109          }
C51 COMPILER V9.01   TEMP                                                                  05/14/2021 12:38:58 PAGE 3   

 110          /*******************************************************************************
 111          * 函 数 名         : Ds18b20ReadTempCom
 112          * 函数功能         : 发送读取温度命令
 113          * 输    入         : 无
 114          * 输    出         : 无
 115          *******************************************************************************/
 116          
 117          void  Ds18b20ReadTempCom()
 118          {   
 119          
 120              Ds18b20Init();
 121              Delay1ms(1);
 122              Ds18b20WriteByte(0xcc);  //跳过ROM操作命令
 123              Ds18b20WriteByte(0xbe);  //发送读取温度命令
 124          }
 125          /*******************************************************************************
 126          * 函 数 名         : Ds18b20ReadTemp
 127          * 函数功能         : 读取温度
 128          * 输    入         : 无
 129          * 输    出         : 无
 130          *******************************************************************************/
 131          
 132          int Ds18b20ReadTemp()
 133          {
 134              int temp = 0;
 135              uchar tmh, tml;
 136              Ds18b20ChangTemp();             //先写入转换命令
 137              Ds18b20ReadTempCom();           //然后等待转换完后发送读取温度命令
 138              tml = Ds18b20ReadByte();        //读取温度值共16位，先读低字节
 139              tmh = Ds18b20ReadByte();        //再读高字节
 140              temp = tmh;
 141              temp <<= 8;
 142              temp |= tml;
 143              return temp;
 144          }
 145          
 146          

C51 COMPILATION COMPLETE.  0 WARNING(S),  6 ERROR(S)
